
              --------------              


task_id = 17,  id = 17,  density = 0.1,  

dt = 0.1,  gamma = 0.005623413251903491,  integrator = langevin,  

N = 1000,  L = 21.544346900318832,  T = 1,  

Steps = 5000000,  spring_constant = 20.0,  snapshot = <gsd.hoomd.Snapshot object at 0x7fa89102c250>,  

sim = <hoomd.simulation.Simulation object at 0x7fa89102c610>,  outDir = .,  particle_filter = ParticleFilter.Type,  

thermo = <hoomd.md.compute.ThermodynamicQuantities object at 0x7fa8911fbf40>,  lattice_file = ./lattice/17,  trajectory_file = ./trajectory/17,  
              --------------              
kin temp = 0.0, E_P/N = 3.949469688733757e-13
run FIRE
kin temp = 5.19514332004665e-16, E_P/N = 2.501833887588536e-15
run FIRE
kin temp = 5.19514332004665e-16, E_P/N = 2.501833887588536e-15
run FIRE
kin temp = 5.19514332004665e-16, E_P/N = 2.501833887588536e-15
run FIRE
kin temp = 5.19514332004665e-16, E_P/N = 2.501833887588536e-15
run FIRE
kin temp = 5.19514332004665e-16, E_P/N = 2.501833887588536e-15
run FIRE
kin temp = 5.19514332004665e-16, E_P/N = 2.501833887588536e-15
run FIRE
kin temp = 5.19514332004665e-16, E_P/N = 2.501833887588536e-15
run FIRE
kin temp = 5.19514332004665e-16, E_P/N = 2.501833887588536e-15
run FIRE
kin temp = 5.19514332004665e-16, E_P/N = 2.501833887588536e-15
run FIRE
kin temp = 5.19514332004665e-16, E_P/N = 2.501833887588536e-15
kin temp = 1.006845711953091, E_P/N = 0.6249863408370803
111.38981366157532
