
              --------------              


id = 101,  dt = 0.01,  gamma = 0.1,  

integrator = langevin,  N = 1000,  L = 45.0,  

density = 0.010973936899862825,  T = 1,  Steps = 1000000000,  

block_size = 100000,  spring_constant = 20.0,  snapshot = <gsd.hoomd.Snapshot object at 0x7f99a45b64a0>,  

sim = <hoomd.simulation.Simulation object at 0x7f99a45b6860>,  particle_filter = ParticleFilter.Type,  thermo = <hoomd.md.compute.ThermodynamicQuantities object at 0x7f99edad3fd0>,  

lattice_file = ./lattice/101.gsd,  trajectory_file = ./trajectory/101.gsd,  
              --------------              
kin temp = 0.0, E_P/N = 1.1080170676616857e-12
run FIRE
kin temp = 3.406755132527838e-13, E_P/N = 5.966882864567752e-13
run FIRE
kin temp = 3.406755132527838e-13, E_P/N = 5.966882864567752e-13
run FIRE
kin temp = 3.406755132527838e-13, E_P/N = 5.966882864567752e-13
run FIRE
kin temp = 3.406755132527838e-13, E_P/N = 5.966882864567752e-13
run FIRE
kin temp = 3.406755132527838e-13, E_P/N = 5.966882864567752e-13
run FIRE
kin temp = 3.406755132527838e-13, E_P/N = 5.966882864567752e-13
run FIRE
kin temp = 3.406755132527838e-13, E_P/N = 5.966882864567752e-13
run FIRE
kin temp = 3.406755132527838e-13, E_P/N = 5.966882864567752e-13
run FIRE
kin temp = 3.406755132527838e-13, E_P/N = 5.966882864567752e-13
run FIRE
kin temp = 3.406755132527838e-13, E_P/N = 5.966882864567752e-13
LANGEVIN
kin temp = 1.0433257603678432, E_P/N = 0.5669235432069271
21625.09214115143
