
              --------------              


task_id = 0,  id = 200,  density = 0.1,  

dt = 0.05,  gamma = 0.0001,  integrator = dpd,  

N = 1000,  L = 21.544346900318832,  T = 1,  

Steps = 10000000,  spring_constant = 20.0,  snapshot = <gsd.hoomd.Snapshot object at 0x7fd6ecd962f0>,  

sim = <hoomd.simulation.Simulation object at 0x7fd6ecd966b0>,  outDir = .,  particle_filter = ParticleFilter.Type,  

thermo = <hoomd.md.compute.ThermodynamicQuantities object at 0x7fd735e43cd0>,  lattice_file = ./lattice/200,  trajectory_file = ./trajectory/200,  
              --------------              
kin temp = 0.0, E_P/N = 3.3842593141681197e-13
run FIRE
kin temp = 1.0630496773202013e-05, E_P/N = 3.1530959416013522e-06
run FIRE
kin temp = 1.0630496773202013e-05, E_P/N = 3.1530959416013522e-06
run FIRE
kin temp = 1.0630496773202013e-05, E_P/N = 3.1530959416013522e-06
run FIRE
kin temp = 1.0630496773202013e-05, E_P/N = 3.1530959416013522e-06
run FIRE
kin temp = 1.0630496773202013e-05, E_P/N = 3.1530959416013522e-06
run FIRE
kin temp = 1.0630496773202013e-05, E_P/N = 3.1530959416013522e-06
run FIRE
kin temp = 1.0630496773202013e-05, E_P/N = 3.1530959416013522e-06
run FIRE
kin temp = 1.0630496773202013e-05, E_P/N = 3.1530959416013522e-06
run FIRE
kin temp = 1.0630496773202013e-05, E_P/N = 3.1530959416013522e-06
run FIRE
kin temp = 1.0630496773202013e-05, E_P/N = 3.1530959416013522e-06
DPD
kin temp = 1.0202726415384968, E_P/N = 0.5232346311331662
1046.9143106937408
