
              --------------              


task_id = 2,  id = 2,  density = 0.1,  

dt = 0.01,  gamma = 0.001,  integrator = dpd,  

N = 1000,  L = 21.544346900318832,  T = 1,  

Steps = 50000000,  spring_constant = 20.0,  snapshot = <gsd.hoomd.Snapshot object at 0x7eff23cd8220>,  

sim = <hoomd.simulation.Simulation object at 0x7eff23cd85e0>,  outDir = .,  particle_filter = ParticleFilter.Type,  

thermo = <hoomd.md.compute.ThermodynamicQuantities object at 0x7eff23ea3e80>,  lattice_file = ./lattice/2,  trajectory_file = ./trajectory/2,  
              --------------              
kin temp = 0.0, E_P/N = 4.58314598983462e-13
run FIRE
kin temp = 4.4872553646743116e-05, E_P/N = 1.877410355482768e-05
run FIRE
kin temp = 8.094594947410683e-05, E_P/N = 2.7072003516704005e-05
run FIRE
kin temp = 9.83429322457333e-06, E_P/N = 5.606803870897179e-06
run FIRE
kin temp = 1.753667878115183e-05, E_P/N = 6.9517052410573125e-06
run FIRE
kin temp = 3.966412189345991e-05, E_P/N = 1.682938224818027e-05
run FIRE
kin temp = 4.868601230686004e-05, E_P/N = 1.573569190589913e-05
run FIRE
kin temp = 9.316004532008993e-06, E_P/N = 4.394811743741111e-06
run FIRE
kin temp = 2.0046685401920015e-05, E_P/N = 7.96632268416846e-06
run FIRE
kin temp = 4.239814391862289e-05, E_P/N = 1.7307922145899454e-05
run FIRE
kin temp = 9.681749662230344e-05, E_P/N = 3.279824827594127e-05
kin temp = 0.9990566900193251, E_P/N = 0.539374426972676
2373.19304227829
