
              --------------              


task_id = 4,  id = 4,  density = 1e-05,  

dt = 0.001,  gamma = 1.0,  integrator = langevin,  

N = 10000,  L = 999.9999999999995,  T = 1,  

Steps = 1000000,  spring_constant = 20.0,  snapshot = <gsd.hoomd.Snapshot object at 0x7f2effca26e0>,  

sim = <hoomd.simulation.Simulation object at 0x7f2effca2aa0>,  outDir = .,  particle_filter = ParticleFilter.Type,  

thermo = <hoomd.md.compute.ThermodynamicQuantities object at 0x7f2f48d54220>,  lattice_file = ./lattice/4,  trajectory_file = ./trajectory/4,  
              --------------              
kin temp = 0.0, E_P/N = 1.4538116454454677e-11
run FIRE
kin temp = 5.459964164353083e-14, E_P/N = 1.445622412927553e-11
run FIRE
kin temp = 5.459964164353083e-14, E_P/N = 1.445622412927553e-11
run FIRE
kin temp = 5.459964164353083e-14, E_P/N = 1.445622412927553e-11
run FIRE
kin temp = 5.459964164353083e-14, E_P/N = 1.445622412927553e-11
run FIRE
kin temp = 5.459964164353083e-14, E_P/N = 1.445622412927553e-11
run FIRE
kin temp = 5.459964164353083e-14, E_P/N = 1.445622412927553e-11
run FIRE
kin temp = 5.459964164353083e-14, E_P/N = 1.445622412927553e-11
run FIRE
kin temp = 5.459964164353083e-14, E_P/N = 1.445622412927553e-11
run FIRE
kin temp = 5.459964164353083e-14, E_P/N = 1.445622412927553e-11
run FIRE
kin temp = 5.459964164353083e-14, E_P/N = 1.445622412927553e-11
LANGEVIN
kin temp = 1.000040363558426, E_P/N = 0.547692252834616
85.78655314445496
