
              --------------              


task_id = 1,  id = 201,  density = 0.1,  

dt = 0.05,  gamma = 0.0001,  integrator = langevin,  

N = 1000,  L = 21.544346900318832,  T = 1,  

Steps = 10000000,  spring_constant = 20.0,  snapshot = <gsd.hoomd.Snapshot object at 0x7fd2522362f0>,  

sim = <hoomd.simulation.Simulation object at 0x7fd2522366b0>,  outDir = .,  particle_filter = ParticleFilter.Type,  

thermo = <hoomd.md.compute.ThermodynamicQuantities object at 0x7fd29b2e3d00>,  lattice_file = ./lattice/201,  trajectory_file = ./trajectory/201,  
              --------------              
kin temp = 0.0, E_P/N = 2.9748812112836777e-13
run FIRE
kin temp = 1.0856342177754737e-14, E_P/N = 6.497010167984841e-15
run FIRE
kin temp = 1.0856342177754737e-14, E_P/N = 6.497010167984841e-15
run FIRE
kin temp = 1.0856342177754737e-14, E_P/N = 6.497010167984842e-15
run FIRE
kin temp = 1.0856342177754737e-14, E_P/N = 6.497010167984842e-15
run FIRE
kin temp = 1.0856342177754737e-14, E_P/N = 6.497010167984842e-15
run FIRE
kin temp = 1.0856342177754737e-14, E_P/N = 6.497010167984842e-15
run FIRE
kin temp = 1.0856342177754737e-14, E_P/N = 6.497010167984842e-15
run FIRE
kin temp = 1.0856342177754737e-14, E_P/N = 6.497010167984842e-15
run FIRE
kin temp = 1.0856342177754737e-14, E_P/N = 6.497010167984842e-15
run FIRE
kin temp = 1.0856342177754737e-14, E_P/N = 6.497010167984842e-15
LANGEVIN
kin temp = 1.0068985286518481, E_P/N = 0.5594739269658724
188.82302141189575
